Release 13.4 - xst O.87xd (lin64)
Copyright (c) 1995-2011 Xilinx, Inc.  All rights reserved.
--> 
Parameter TMPDIR set to xst/projnav.tmp


Total REAL time to Xst completion: 1.00 secs
Total CPU time to Xst completion: 0.12 secs
 
--> 
Parameter xsthdpdir set to xst


Total REAL time to Xst completion: 1.00 secs
Total CPU time to Xst completion: 0.12 secs
 
--> 
Reading design: core_sobel.prj

TABLE OF CONTENTS
  1) Synthesis Options Summary
  2) HDL Compilation
  3) Design Hierarchy Analysis
  4) HDL Analysis
  5) HDL Synthesis
     5.1) HDL Synthesis Report
  6) Advanced HDL Synthesis
     6.1) Advanced HDL Synthesis Report
  7) Low Level Synthesis
  8) Partition Report
  9) Final Report
	9.1) Device utilization summary
	9.2) Partition Resource Summary
	9.3) TIMING REPORT


=========================================================================
*                      Synthesis Options Summary                        *
=========================================================================
---- Source Parameters
Input File Name                    : "core_sobel.prj"
Input Format                       : mixed
Ignore Synthesis Constraint File   : NO

---- Target Parameters
Output File Name                   : "core_sobel"
Output Format                      : NGC
Target Device                      : xc3s1200e-5-fg320

---- Source Options
Top Module Name                    : core_sobel
Automatic FSM Extraction           : YES
FSM Encoding Algorithm             : Auto
Safe Implementation                : No
FSM Style                          : LUT
RAM Extraction                     : Yes
RAM Style                          : Auto
ROM Extraction                     : Yes
Mux Style                          : Auto
Decoder Extraction                 : YES
Priority Encoder Extraction        : Yes
Shift Register Extraction          : YES
Logical Shifter Extraction         : YES
XOR Collapsing                     : YES
ROM Style                          : Auto
Mux Extraction                     : Yes
Resource Sharing                   : YES
Asynchronous To Synchronous        : NO
Multiplier Style                   : Auto
Automatic Register Balancing       : No

---- Target Options
Add IO Buffers                     : YES
Global Maximum Fanout              : 100000
Add Generic Clock Buffer(BUFG)     : 24
Register Duplication               : YES
Slice Packing                      : YES
Optimize Instantiated Primitives   : NO
Use Clock Enable                   : Yes
Use Synchronous Set                : Yes
Use Synchronous Reset              : Yes
Pack IO Registers into IOBs        : Auto
Equivalent register Removal        : YES

---- General Options
Optimization Goal                  : Speed
Optimization Effort                : 1
Keep Hierarchy                     : No
Netlist Hierarchy                  : As_Optimized
RTL Output                         : Yes
Global Optimization                : AllClockNets
Read Cores                         : YES
Write Timing Constraints           : NO
Cross Clock Analysis               : NO
Hierarchy Separator                : /
Bus Delimiter                      : <>
Case Specifier                     : Maintain
Slice Utilization Ratio            : 100
BRAM Utilization Ratio             : 100
Verilog 2001                       : YES
Auto BRAM Packing                  : NO
Slice Utilization Ratio Delta      : 5

=========================================================================


=========================================================================
*                          HDL Compilation                              *
=========================================================================
Compiling verilog file "paradd.v" in library work
Compiling verilog file "core_sobel.v" in library work
Module <par_addsub> compiled
Module <core_sobel> compiled
No errors in compilation
Analysis of file <"core_sobel.prj"> succeeded.
 

=========================================================================
*                     Design Hierarchy Analysis                         *
=========================================================================
Analyzing hierarchy for module <core_sobel> in library <work>.

Analyzing hierarchy for module <par_addsub> in library <work>.


=========================================================================
*                            HDL Analysis                               *
=========================================================================
Analyzing top module <core_sobel>.
Module <core_sobel> is correct for synthesis.
 
Analyzing module <par_addsub> in library <work>.
Module <par_addsub> is correct for synthesis.
 

=========================================================================
*                           HDL Synthesis                               *
=========================================================================

Performing bidirectional port resolution...

Synthesizing Unit <par_addsub>.
    Related source file is "paradd.v".
WARNING:Xst:646 - Signal <c> is assigned but never used. This unconnected signal will be trimmed during the optimization process.
    Found 1-bit xor2 for signal <sum_0$xor0000> created at line 35.
    Found 1-bit xor2 for signal <sum_0$xor0001> created at line 42.
    Found 1-bit xor3 for signal <sum_1$xor0000> created at line 35.
    Found 1-bit xor3 for signal <sum_1$xor0001> created at line 42.
    Found 1-bit xor3 for signal <sum_2$xor0000> created at line 35.
    Found 1-bit xor3 for signal <sum_2$xor0001> created at line 42.
    Found 1-bit xor3 for signal <sum_3$xor0000> created at line 35.
    Found 1-bit xor3 for signal <sum_3$xor0001> created at line 42.
    Found 1-bit xor3 for signal <sum_4$xor0000> created at line 35.
    Found 1-bit xor3 for signal <sum_4$xor0001> created at line 42.
    Found 1-bit xor3 for signal <sum_5$xor0000> created at line 35.
    Found 1-bit xor3 for signal <sum_5$xor0001> created at line 42.
    Found 1-bit xor3 for signal <sum_6$xor0000> created at line 35.
    Found 1-bit xor3 for signal <sum_6$xor0001> created at line 42.
    Found 1-bit xor3 for signal <sum_7$xor0000> created at line 35.
    Found 1-bit xor3 for signal <sum_7$xor0001> created at line 42.
    Summary:
	inferred  14 Xor(s).
Unit <par_addsub> synthesized.


Synthesizing Unit <core_sobel>.
    Related source file is "core_sobel.v".
WARNING:Xst:646 - Signal <c6> is assigned but never used. This unconnected signal will be trimmed during the optimization process.
WARNING:Xst:646 - Signal <c5> is assigned but never used. This unconnected signal will be trimmed during the optimization process.
WARNING:Xst:646 - Signal <c4> is assigned but never used. This unconnected signal will be trimmed during the optimization process.
WARNING:Xst:646 - Signal <c3> is assigned but never used. This unconnected signal will be trimmed during the optimization process.
WARNING:Xst:646 - Signal <c2> is assigned but never used. This unconnected signal will be trimmed during the optimization process.
WARNING:Xst:646 - Signal <c1> is assigned but never used. This unconnected signal will be trimmed during the optimization process.
    Found 11-bit adder for signal <abs_gx$addsub0000> created at line 53.
    Found 11-bit adder for signal <abs_gy$addsub0000> created at line 54.
    Found 11-bit adder for signal <gx>.
    Found 11-bit adder for signal <gx$addsub0000> created at line 40.
    Found 11-bit adder for signal <gy>.
    Found 11-bit adder for signal <gy$addsub0000> created at line 51.
    Found 11-bit adder for signal <sum>.
    Summary:
	inferred   7 Adder/Subtractor(s).
Unit <core_sobel> synthesized.


=========================================================================
HDL Synthesis Report

Macro Statistics
# Adders/Subtractors                                   : 7
 11-bit adder                                          : 7
# Xors                                                 : 96
 1-bit xor2                                            : 12
 1-bit xor3                                            : 84

=========================================================================

=========================================================================
*                       Advanced HDL Synthesis                          *
=========================================================================


=========================================================================
Advanced HDL Synthesis Report

Macro Statistics
# Adders/Subtractors                                   : 7
 11-bit adder                                          : 7
# Xors                                                 : 96
 1-bit xor2                                            : 12
 1-bit xor3                                            : 84

=========================================================================

=========================================================================
*                         Low Level Synthesis                           *
=========================================================================

Optimizing unit <core_sobel> ...

Optimizing unit <par_addsub> ...

Mapping all equations...
Building and optimizing final netlist ...
Found area constraint ratio of 100 (+ 5) on block core_sobel, actual ratio is 1.

Final Macro Processing ...

=========================================================================
Final Register Report

Found no macro
=========================================================================

=========================================================================
*                           Partition Report                            *
=========================================================================

Partition Implementation Status
-------------------------------

  No Partitions were found in this design.

-------------------------------

=========================================================================
*                            Final Report                               *
=========================================================================
Final Results
RTL Top Level Output File Name     : core_sobel.ngr
Top Level Output File Name         : core_sobel
Output Format                      : NGC
Optimization Goal                  : Speed
Keep Hierarchy                     : No

Design Statistics
# IOs                              : 72

Cell Usage :
# BELS                             : 280
#      GND                         : 1
#      INV                         : 20
#      LUT1                        : 2
#      LUT2                        : 6
#      LUT3                        : 74
#      LUT4                        : 67
#      MUXCY                       : 50
#      MUXF5                       : 4
#      VCC                         : 1
#      XORCY                       : 55
# IO Buffers                       : 72
#      IBUF                        : 64
#      OBUF                        : 8
=========================================================================

Device utilization summary:
---------------------------

Selected Device : 3s1200efg320-5 

 Number of Slices:                       95  out of   8672     1%  
 Number of 4 input LUTs:                169  out of  17344     0%  
 Number of IOs:                          72
 Number of bonded IOBs:                  72  out of    250    28%  

---------------------------
Partition Resource Summary:
---------------------------

  No Partitions were found in this design.

---------------------------


=========================================================================
TIMING REPORT

NOTE: THESE TIMING NUMBERS ARE ONLY A SYNTHESIS ESTIMATE.
      FOR ACCURATE TIMING INFORMATION PLEASE REFER TO THE TRACE REPORT
      GENERATED AFTER PLACE-and-ROUTE.

Clock Information:
------------------
No clock signals found in this design

Asynchronous Control Signals Information:
----------------------------------------
No asynchronous control signals found in this design

Timing Summary:
---------------
Speed Grade: -5

   Minimum period: No path found
   Minimum input arrival time before clock: No path found
   Maximum output required time after clock: No path found
   Maximum combinational path delay: 21.042ns

Timing Detail:
--------------
All values displayed in nanoseconds (ns)

=========================================================================
Timing constraint: Default path analysis
  Total number of paths / destination ports: 1334782 / 8
-------------------------------------------------------------------------
Delay:               21.042ns (Levels of Logic = 20)
  Source:            p2<1> (PAD)
  Destination:       out<7> (PAD)

  Data Path: p2<1> to out<7>
                                Gate     Net
    Cell:in->out      fanout   Delay   Delay  Logical Name (Net Name)
    ----------------------------------------  ------------
     IBUF:I->O             4   1.106   0.651  p2_1_IBUF (p2_1_IBUF)
     LUT4:I0->O            2   0.612   0.449  sub1/sum_2_or00011 (sub1/sum_2_or0001)
     LUT3:I1->O            2   0.612   0.410  sub1/sum_3_mux0000111 (sub1/N12)
     LUT3:I2->O            2   0.612   0.449  sub1/sum_4_or00011 (sub1/sum_4_or0001)
     LUT3:I1->O            2   0.612   0.410  sub1/sum_5_mux0000111 (sub1/N13)
     LUT3:I2->O            2   0.612   0.383  sub1/sum_6_or00011 (sub1/sum_6_or0001)
     LUT4:I3->O            5   0.612   0.607  sub1/sum_7_mux000021 (sub1/N23)
     LUT2:I1->O            2   0.612   0.410  sub1/sum_7_mux00001 (temp1<7>)
     LUT4:I2->O            1   0.612   0.000  Madd_gx_Madd_lut<7> (Madd_gx_Madd_lut<7>)
     MUXCY:S->O            1   0.404   0.000  Madd_gx_Madd_cy<7> (Madd_gx_Madd_cy<7>)
     XORCY:CI->O           2   0.699   0.380  Madd_gx_Madd_xor<8> (gx<8>)
     INV:I->O              1   0.612   0.000  abs_gx_not0000<8>1_INV_0 (abs_gx_not0000<8>)
     MUXCY:S->O            1   0.404   0.000  Madd_abs_gx_addsub0000_cy<8> (Madd_abs_gx_addsub0000_cy<8>)
     XORCY:CI->O           1   0.699   0.387  Madd_abs_gx_addsub0000_xor<9> (abs_gx_addsub0000<9>)
     LUT3:I2->O            1   0.612   0.509  abs_gx<9>1 (abs_gx<9>)
     LUT4:I0->O            1   0.612   0.000  Madd_sum_lut<9> (Madd_sum_lut<9>)
     MUXCY:S->O            0   0.404   0.000  Madd_sum_cy<9> (Madd_sum_cy<9>)
     XORCY:CI->O           8   0.699   0.712  Madd_sum_xor<10> (sum<10>)
     LUT4:I1->O            1   0.612   0.357  out<7>1 (out_7_OBUF)
     OBUF:I->O                 3.169          out_7_OBUF (out<7>)
    ----------------------------------------
    Total                     21.042ns (14.928ns logic, 6.114ns route)
                                       (70.9% logic, 29.1% route)

=========================================================================


Total REAL time to Xst completion: 7.00 secs
Total CPU time to Xst completion: 4.22 secs
 
--> 


Total memory usage is 538892 kilobytes

Number of errors   :    0 (   0 filtered)
Number of warnings :   13 (   0 filtered)
Number of infos    :    0 (   0 filtered)

