Release 13.4 - xst O.87xd (lin64)
Copyright (c) 1995-2011 Xilinx, Inc.  All rights reserved.
--> 
Parameter TMPDIR set to xst/projnav.tmp


Total REAL time to Xst completion: 0.00 secs
Total CPU time to Xst completion: 0.12 secs
 
--> 
Parameter xsthdpdir set to xst


Total REAL time to Xst completion: 0.00 secs
Total CPU time to Xst completion: 0.12 secs
 
--> 
Reading design: main_sobel.prj

TABLE OF CONTENTS
  1) Synthesis Options Summary
  2) HDL Compilation
  3) Design Hierarchy Analysis
  4) HDL Analysis
  5) HDL Synthesis
     5.1) HDL Synthesis Report
  6) Advanced HDL Synthesis
     6.1) Advanced HDL Synthesis Report
  7) Low Level Synthesis
  8) Partition Report
  9) Final Report
	9.1) Device utilization summary
	9.2) Partition Resource Summary
	9.3) TIMING REPORT


=========================================================================
*                      Synthesis Options Summary                        *
=========================================================================
---- Source Parameters
Input File Name                    : "main_sobel.prj"
Input Format                       : mixed
Ignore Synthesis Constraint File   : NO

---- Target Parameters
Output File Name                   : "main_sobel"
Output Format                      : NGC
Target Device                      : xc3s1200e-5-fg320

---- Source Options
Top Module Name                    : main_sobel
Automatic FSM Extraction           : YES
FSM Encoding Algorithm             : Auto
Safe Implementation                : No
FSM Style                          : LUT
RAM Extraction                     : Yes
RAM Style                          : Auto
ROM Extraction                     : Yes
Mux Style                          : Auto
Decoder Extraction                 : YES
Priority Encoder Extraction        : Yes
Shift Register Extraction          : YES
Logical Shifter Extraction         : YES
XOR Collapsing                     : YES
ROM Style                          : Auto
Mux Extraction                     : Yes
Resource Sharing                   : YES
Asynchronous To Synchronous        : NO
Multiplier Style                   : Auto
Automatic Register Balancing       : No

---- Target Options
Add IO Buffers                     : YES
Global Maximum Fanout              : 100000
Add Generic Clock Buffer(BUFG)     : 24
Register Duplication               : YES
Slice Packing                      : YES
Optimize Instantiated Primitives   : NO
Use Clock Enable                   : Yes
Use Synchronous Set                : Yes
Use Synchronous Reset              : Yes
Pack IO Registers into IOBs        : Auto
Equivalent register Removal        : YES

---- General Options
Optimization Goal                  : Speed
Optimization Effort                : 1
Keep Hierarchy                     : No
Netlist Hierarchy                  : As_Optimized
RTL Output                         : Yes
Global Optimization                : AllClockNets
Read Cores                         : YES
Write Timing Constraints           : NO
Cross Clock Analysis               : NO
Hierarchy Separator                : /
Bus Delimiter                      : <>
Case Specifier                     : Maintain
Slice Utilization Ratio            : 100
BRAM Utilization Ratio             : 100
Verilog 2001                       : YES
Auto BRAM Packing                  : NO
Slice Utilization Ratio Delta      : 5

=========================================================================


=========================================================================
*                          HDL Compilation                              *
=========================================================================
Compiling verilog file "paradd.v" in library work
Compiling verilog file "core_sobel.v" in library work
Module <par_addsub> compiled
Compiling verilog file "main_sobel.v" in library work
Module <core_sobel> compiled
Module <main_sobel> compiled
No errors in compilation
Analysis of file <"main_sobel.prj"> succeeded.
 

=========================================================================
*                     Design Hierarchy Analysis                         *
=========================================================================
Analyzing hierarchy for module <main_sobel> in library <work>.

Analyzing hierarchy for module <core_sobel> in library <work>.

Analyzing hierarchy for module <par_addsub> in library <work>.


=========================================================================
*                            HDL Analysis                               *
=========================================================================
Analyzing top module <main_sobel>.
Module <main_sobel> is correct for synthesis.
 
Analyzing module <core_sobel> in library <work>.
Module <core_sobel> is correct for synthesis.
 
Analyzing module <par_addsub> in library <work>.
Module <par_addsub> is correct for synthesis.
 

=========================================================================
*                           HDL Synthesis                               *
=========================================================================

Performing bidirectional port resolution...

Synthesizing Unit <par_addsub>.
    Related source file is "paradd.v".
WARNING:Xst:646 - Signal <c> is assigned but never used. This unconnected signal will be trimmed during the optimization process.
    Found 1-bit xor2 for signal <sum_0$xor0000> created at line 35.
    Found 1-bit xor2 for signal <sum_0$xor0001> created at line 42.
    Found 1-bit xor3 for signal <sum_1$xor0000> created at line 35.
    Found 1-bit xor3 for signal <sum_1$xor0001> created at line 42.
    Found 1-bit xor3 for signal <sum_2$xor0000> created at line 35.
    Found 1-bit xor3 for signal <sum_2$xor0001> created at line 42.
    Found 1-bit xor3 for signal <sum_3$xor0000> created at line 35.
    Found 1-bit xor3 for signal <sum_3$xor0001> created at line 42.
    Found 1-bit xor3 for signal <sum_4$xor0000> created at line 35.
    Found 1-bit xor3 for signal <sum_4$xor0001> created at line 42.
    Found 1-bit xor3 for signal <sum_5$xor0000> created at line 35.
    Found 1-bit xor3 for signal <sum_5$xor0001> created at line 42.
    Found 1-bit xor3 for signal <sum_6$xor0000> created at line 35.
    Found 1-bit xor3 for signal <sum_6$xor0001> created at line 42.
    Found 1-bit xor3 for signal <sum_7$xor0000> created at line 35.
    Found 1-bit xor3 for signal <sum_7$xor0001> created at line 42.
    Summary:
	inferred  14 Xor(s).
Unit <par_addsub> synthesized.


Synthesizing Unit <core_sobel>.
    Related source file is "core_sobel.v".
WARNING:Xst:646 - Signal <c6> is assigned but never used. This unconnected signal will be trimmed during the optimization process.
WARNING:Xst:646 - Signal <c5> is assigned but never used. This unconnected signal will be trimmed during the optimization process.
WARNING:Xst:646 - Signal <c4> is assigned but never used. This unconnected signal will be trimmed during the optimization process.
WARNING:Xst:646 - Signal <c3> is assigned but never used. This unconnected signal will be trimmed during the optimization process.
WARNING:Xst:646 - Signal <c2> is assigned but never used. This unconnected signal will be trimmed during the optimization process.
WARNING:Xst:646 - Signal <c1> is assigned but never used. This unconnected signal will be trimmed during the optimization process.
    Found 11-bit adder for signal <abs_gx$addsub0000> created at line 53.
    Found 11-bit adder for signal <abs_gy$addsub0000> created at line 54.
    Found 11-bit adder for signal <gx>.
    Found 11-bit adder for signal <gx$addsub0000> created at line 40.
    Found 11-bit adder for signal <gy>.
    Found 11-bit adder for signal <gy$addsub0000> created at line 51.
    Found 11-bit adder for signal <sum>.
    Summary:
	inferred   7 Adder/Subtractor(s).
Unit <core_sobel> synthesized.


Synthesizing Unit <main_sobel>.
    Related source file is "main_sobel.v".
WARNING:Xst:646 - Signal <row2<1>> is assigned but never used. This unconnected signal will be trimmed during the optimization process.
    Found 8-bit register for signal <bus_out>.
    Found 1-bit register for signal <read_en>.
    Found 24-bit register for signal <row1>.
    Found 8-bit register for signal <row2<2>>.
    Found 8-bit register for signal <row2<0>>.
    Found 24-bit register for signal <row3>.
    Found 1-bit register for signal <write_en>.
    Summary:
	inferred  74 D-type flip-flop(s).
Unit <main_sobel> synthesized.


=========================================================================
HDL Synthesis Report

Macro Statistics
# Adders/Subtractors                                   : 7
 11-bit adder                                          : 7
# Registers                                            : 11
 1-bit register                                        : 2
 8-bit register                                        : 9
# Xors                                                 : 96
 1-bit xor2                                            : 12
 1-bit xor3                                            : 84

=========================================================================

=========================================================================
*                       Advanced HDL Synthesis                          *
=========================================================================


=========================================================================
Advanced HDL Synthesis Report

Macro Statistics
# Adders/Subtractors                                   : 7
 11-bit adder                                          : 7
# Registers                                            : 74
 Flip-Flops                                            : 74
# Xors                                                 : 96
 1-bit xor2                                            : 12
 1-bit xor3                                            : 84

=========================================================================

=========================================================================
*                         Low Level Synthesis                           *
=========================================================================

Optimizing unit <main_sobel> ...

Optimizing unit <par_addsub> ...

Optimizing unit <core_sobel> ...

Mapping all equations...
Building and optimizing final netlist ...
Found area constraint ratio of 100 (+ 5) on block main_sobel, actual ratio is 1.

Final Macro Processing ...

=========================================================================
Final Register Report

Macro Statistics
# Registers                                            : 74
 Flip-Flops                                            : 74

=========================================================================

=========================================================================
*                           Partition Report                            *
=========================================================================

Partition Implementation Status
-------------------------------

  No Partitions were found in this design.

-------------------------------

=========================================================================
*                            Final Report                               *
=========================================================================
Final Results
RTL Top Level Output File Name     : main_sobel.ngr
Top Level Output File Name         : main_sobel
Output Format                      : NGC
Optimization Goal                  : Speed
Keep Hierarchy                     : No

Design Statistics
# IOs                              : 84

Cell Usage :
# BELS                             : 318
#      GND                         : 1
#      INV                         : 21
#      LUT1                        : 2
#      LUT2                        : 16
#      LUT2_L                      : 8
#      LUT3                        : 35
#      LUT3_D                      : 5
#      LUT4                        : 92
#      LUT4_D                      : 28
#      MUXCY                       : 50
#      MUXF5                       : 4
#      VCC                         : 1
#      XORCY                       : 55
# FlipFlops/Latches                : 74
#      FDCE                        : 2
#      FDE                         : 64
#      FDPE                        : 8
# Clock Buffers                    : 1
#      BUFGP                       : 1
# IO Buffers                       : 75
#      IBUF                        : 67
#      OBUF                        : 8
=========================================================================

Device utilization summary:
---------------------------

Selected Device : 3s1200efg320-5 

 Number of Slices:                      119  out of   8672     1%  
 Number of Slice Flip Flops:             74  out of  17344     0%  
 Number of 4 input LUTs:                207  out of  17344     1%  
 Number of IOs:                          84
 Number of bonded IOBs:                  76  out of    250    30%  
 Number of GCLKs:                         1  out of     24     4%  

---------------------------
Partition Resource Summary:
---------------------------

  No Partitions were found in this design.

---------------------------


=========================================================================
TIMING REPORT

NOTE: THESE TIMING NUMBERS ARE ONLY A SYNTHESIS ESTIMATE.
      FOR ACCURATE TIMING INFORMATION PLEASE REFER TO THE TRACE REPORT
      GENERATED AFTER PLACE-and-ROUTE.

Clock Information:
------------------
-----------------------------------+------------------------+-------+
Clock Signal                       | Clock buffer(FF name)  | Load  |
-----------------------------------+------------------------+-------+
clk                                | BUFGP                  | 74    |
-----------------------------------+------------------------+-------+

Asynchronous Control Signals Information:
----------------------------------------
-----------------------------------+------------------------+-------+
Control Signal                     | Buffer(FF name)        | Load  |
-----------------------------------+------------------------+-------+
reset_inv(reset_inv1_INV_0:O)      | NONE(bus_out_0)        | 10    |
-----------------------------------+------------------------+-------+

Timing Summary:
---------------
Speed Grade: -5

   Minimum period: 13.805ns (Maximum Frequency: 72.436MHz)
   Minimum input arrival time before clock: 3.851ns
   Maximum output required time after clock: 4.040ns
   Maximum combinational path delay: No path found

Timing Detail:
--------------
All values displayed in nanoseconds (ns)

=========================================================================
Timing constraint: Default period analysis for Clock 'clk'
  Clock period: 13.805ns (frequency: 72.436MHz)
  Total number of paths / destination ports: 1693554 / 84
-------------------------------------------------------------------------
Delay:               13.805ns (Levels of Logic = 15)
  Source:            row3_0_3 (FF)
  Destination:       bus_out_0 (FF)
  Source Clock:      clk rising
  Destination Clock: clk rising

  Data Path: row3_0_3 to bus_out_0
                                Gate     Net
    Cell:in->out      fanout   Delay   Delay  Logical Name (Net Name)
    ----------------------------------------  ------------
     FDE:C->Q              6   0.514   0.721  row3_0_3 (row3_0_3)
     LUT4:I0->O            2   0.612   0.449  s1/sub3/sum_3_mux0000111_SW0 (N32)
     LUT3:I1->O            3   0.612   0.454  s1/sub3/sum_4_or00011 (s1/sub3/sum_4_or0001)
     LUT4:I3->O            2   0.612   0.449  s1/sub3/sum_6_mux00001 (s1/temp3<6>)
     LUT3:I1->O            1   0.612   0.360  s1/Madd_gxC51 (s1/Madd_gxC5)
     LUT4:I3->O            1   0.612   0.000  s1/Madd_gx_Madd_lut<7> (s1/Madd_gx_Madd_lut<7>)
     MUXCY:S->O            1   0.404   0.000  s1/Madd_gx_Madd_cy<7> (s1/Madd_gx_Madd_cy<7>)
     XORCY:CI->O           2   0.699   0.380  s1/Madd_gx_Madd_xor<8> (s1/gx<8>)
     INV:I->O              1   0.612   0.000  s1/abs_gx_not0000<8>1_INV_0 (s1/abs_gx_not0000<8>)
     MUXCY:S->O            1   0.404   0.000  s1/Madd_abs_gx_addsub0000_cy<8> (s1/Madd_abs_gx_addsub0000_cy<8>)
     XORCY:CI->O           1   0.699   0.387  s1/Madd_abs_gx_addsub0000_xor<9> (s1/abs_gx_addsub0000<9>)
     LUT3:I2->O            1   0.612   0.360  s1/abs_gx<9>1 (s1/abs_gx<9>)
     LUT4:I3->O            1   0.612   0.000  s1/Madd_sum_lut<9> (s1/Madd_sum_lut<9>)
     MUXCY:S->O            0   0.404   0.000  s1/Madd_sum_cy<9> (s1/Madd_sum_cy<9>)
     XORCY:CI->O           8   0.699   0.646  s1/Madd_sum_xor<10> (s1/sum<10>)
     LUT4:I3->O            1   0.612   0.000  s1/out<7>1 (out1<7>)
     FDPE:D                    0.268          bus_out_7
    ----------------------------------------
    Total                     13.805ns (9.599ns logic, 4.206ns route)
                                       (69.5% logic, 30.5% route)

=========================================================================
Timing constraint: Default OFFSET IN BEFORE for Clock 'clk'
  Total number of paths / destination ports: 280 / 140
-------------------------------------------------------------------------
Offset:              3.851ns (Levels of Logic = 2)
  Source:            bus_rw (PAD)
  Destination:       row3_1_0 (FF)
  Destination Clock: clk rising

  Data Path: bus_rw to row3_1_0
                                Gate     Net
    Cell:in->out      fanout   Delay   Delay  Logical Name (Net Name)
    ----------------------------------------  ------------
     IBUF:I->O             5   1.106   0.568  bus_rw_IBUF (bus_rw_IBUF)
     LUT4:I2->O           64   0.612   1.081  row3_2_and00001 (row3_2_and0000)
     FDE:CE                    0.483          row3_1_0
    ----------------------------------------
    Total                      3.851ns (2.201ns logic, 1.650ns route)
                                       (57.2% logic, 42.8% route)

=========================================================================
Timing constraint: Default OFFSET OUT AFTER for Clock 'clk'
  Total number of paths / destination ports: 8 / 8
-------------------------------------------------------------------------
Offset:              4.040ns (Levels of Logic = 1)
  Source:            bus_out_7 (FF)
  Destination:       bus_out<7> (PAD)
  Source Clock:      clk rising

  Data Path: bus_out_7 to bus_out<7>
                                Gate     Net
    Cell:in->out      fanout   Delay   Delay  Logical Name (Net Name)
    ----------------------------------------  ------------
     FDPE:C->Q             1   0.514   0.357  bus_out_7 (bus_out_7)
     OBUF:I->O                 3.169          bus_out_7_OBUF (bus_out<7>)
    ----------------------------------------
    Total                      4.040ns (3.683ns logic, 0.357ns route)
                                       (91.2% logic, 8.8% route)

=========================================================================


Total REAL time to Xst completion: 8.00 secs
Total CPU time to Xst completion: 5.48 secs
 
--> 


Total memory usage is 540536 kilobytes

Number of errors   :    0 (   0 filtered)
Number of warnings :   14 (   0 filtered)
Number of infos    :    0 (   0 filtered)

