Release 13.4 - xst O.87xd (lin64)
Copyright (c) 1995-2011 Xilinx, Inc.  All rights reserved.
--> 
Parameter TMPDIR set to xst/projnav.tmp


Total REAL time to Xst completion: 1.00 secs
Total CPU time to Xst completion: 0.14 secs
 
--> 
Parameter xsthdpdir set to xst


Total REAL time to Xst completion: 1.00 secs
Total CPU time to Xst completion: 0.14 secs
 
--> 
Reading design: par_addsub.prj

TABLE OF CONTENTS
  1) Synthesis Options Summary
  2) HDL Compilation
  3) Design Hierarchy Analysis
  4) HDL Analysis
  5) HDL Synthesis
     5.1) HDL Synthesis Report
  6) Advanced HDL Synthesis
     6.1) Advanced HDL Synthesis Report
  7) Low Level Synthesis
  8) Partition Report
  9) Final Report
	9.1) Device utilization summary
	9.2) Partition Resource Summary
	9.3) TIMING REPORT


=========================================================================
*                      Synthesis Options Summary                        *
=========================================================================
---- Source Parameters
Input File Name                    : "par_addsub.prj"
Input Format                       : mixed
Ignore Synthesis Constraint File   : NO

---- Target Parameters
Output File Name                   : "par_addsub"
Output Format                      : NGC
Target Device                      : xc3s1200e-5-fg320

---- Source Options
Top Module Name                    : par_addsub
Automatic FSM Extraction           : YES
FSM Encoding Algorithm             : Auto
Safe Implementation                : No
FSM Style                          : LUT
RAM Extraction                     : Yes
RAM Style                          : Auto
ROM Extraction                     : Yes
Mux Style                          : Auto
Decoder Extraction                 : YES
Priority Encoder Extraction        : Yes
Shift Register Extraction          : YES
Logical Shifter Extraction         : YES
XOR Collapsing                     : YES
ROM Style                          : Auto
Mux Extraction                     : Yes
Resource Sharing                   : YES
Asynchronous To Synchronous        : NO
Multiplier Style                   : Auto
Automatic Register Balancing       : No

---- Target Options
Add IO Buffers                     : YES
Global Maximum Fanout              : 100000
Add Generic Clock Buffer(BUFG)     : 24
Register Duplication               : YES
Slice Packing                      : YES
Optimize Instantiated Primitives   : NO
Use Clock Enable                   : Yes
Use Synchronous Set                : Yes
Use Synchronous Reset              : Yes
Pack IO Registers into IOBs        : Auto
Equivalent register Removal        : YES

---- General Options
Optimization Goal                  : Speed
Optimization Effort                : 1
Keep Hierarchy                     : No
Netlist Hierarchy                  : As_Optimized
RTL Output                         : Yes
Global Optimization                : AllClockNets
Read Cores                         : YES
Write Timing Constraints           : NO
Cross Clock Analysis               : NO
Hierarchy Separator                : /
Bus Delimiter                      : <>
Case Specifier                     : Maintain
Slice Utilization Ratio            : 100
BRAM Utilization Ratio             : 100
Verilog 2001                       : YES
Auto BRAM Packing                  : NO
Slice Utilization Ratio Delta      : 5

=========================================================================


=========================================================================
*                          HDL Compilation                              *
=========================================================================
Compiling verilog file "paradd.v" in library work
Module <par_addsub> compiled
No errors in compilation
Analysis of file <"par_addsub.prj"> succeeded.
 

=========================================================================
*                     Design Hierarchy Analysis                         *
=========================================================================
Analyzing hierarchy for module <par_addsub> in library <work>.


=========================================================================
*                            HDL Analysis                               *
=========================================================================
Analyzing top module <par_addsub>.
Module <par_addsub> is correct for synthesis.
 

=========================================================================
*                           HDL Synthesis                               *
=========================================================================

Performing bidirectional port resolution...

Synthesizing Unit <par_addsub>.
    Related source file is "paradd.v".
WARNING:Xst:646 - Signal <c> is assigned but never used. This unconnected signal will be trimmed during the optimization process.
    Found 1-bit xor2 for signal <sum_0$xor0000> created at line 35.
    Found 1-bit xor2 for signal <sum_0$xor0001> created at line 42.
    Found 1-bit xor3 for signal <sum_1$xor0000> created at line 35.
    Found 1-bit xor3 for signal <sum_1$xor0001> created at line 42.
    Found 1-bit xor3 for signal <sum_2$xor0000> created at line 35.
    Found 1-bit xor3 for signal <sum_2$xor0001> created at line 42.
    Found 1-bit xor3 for signal <sum_3$xor0000> created at line 35.
    Found 1-bit xor3 for signal <sum_3$xor0001> created at line 42.
    Found 1-bit xor3 for signal <sum_4$xor0000> created at line 35.
    Found 1-bit xor3 for signal <sum_4$xor0001> created at line 42.
    Found 1-bit xor3 for signal <sum_5$xor0000> created at line 35.
    Found 1-bit xor3 for signal <sum_5$xor0001> created at line 42.
    Found 1-bit xor3 for signal <sum_6$xor0000> created at line 35.
    Found 1-bit xor3 for signal <sum_6$xor0001> created at line 42.
    Found 1-bit xor3 for signal <sum_7$xor0000> created at line 35.
    Found 1-bit xor3 for signal <sum_7$xor0001> created at line 42.
    Summary:
	inferred  14 Xor(s).
Unit <par_addsub> synthesized.


=========================================================================
HDL Synthesis Report

Macro Statistics
# Xors                                                 : 16
 1-bit xor2                                            : 2
 1-bit xor3                                            : 14

=========================================================================

=========================================================================
*                       Advanced HDL Synthesis                          *
=========================================================================


=========================================================================
Advanced HDL Synthesis Report

Macro Statistics
# Xors                                                 : 16
 1-bit xor2                                            : 2
 1-bit xor3                                            : 14

=========================================================================

=========================================================================
*                         Low Level Synthesis                           *
=========================================================================

Optimizing unit <par_addsub> ...

Mapping all equations...
Building and optimizing final netlist ...
Found area constraint ratio of 100 (+ 5) on block par_addsub, actual ratio is 0.

Final Macro Processing ...

=========================================================================
Final Register Report

Found no macro
=========================================================================

=========================================================================
*                           Partition Report                            *
=========================================================================

Partition Implementation Status
-------------------------------

  No Partitions were found in this design.

-------------------------------

=========================================================================
*                            Final Report                               *
=========================================================================
Final Results
RTL Top Level Output File Name     : par_addsub.ngr
Top Level Output File Name         : par_addsub
Output Format                      : NGC
Optimization Goal                  : Speed
Keep Hierarchy                     : No

Design Statistics
# IOs                              : 26

Cell Usage :
# BELS                             : 41
#      LUT2                        : 1
#      LUT3                        : 10
#      LUT4                        : 20
#      MUXF5                       : 10
# IO Buffers                       : 26
#      IBUF                        : 17
#      OBUF                        : 9
=========================================================================

Device utilization summary:
---------------------------

Selected Device : 3s1200efg320-5 

 Number of Slices:                       16  out of   8672     0%  
 Number of 4 input LUTs:                 31  out of  17344     0%  
 Number of IOs:                          26
 Number of bonded IOBs:                  26  out of    250    10%  

---------------------------
Partition Resource Summary:
---------------------------

  No Partitions were found in this design.

---------------------------


=========================================================================
TIMING REPORT

NOTE: THESE TIMING NUMBERS ARE ONLY A SYNTHESIS ESTIMATE.
      FOR ACCURATE TIMING INFORMATION PLEASE REFER TO THE TRACE REPORT
      GENERATED AFTER PLACE-and-ROUTE.

Clock Information:
------------------
No clock signals found in this design

Asynchronous Control Signals Information:
----------------------------------------
No asynchronous control signals found in this design

Timing Summary:
---------------
Speed Grade: -5

   Minimum period: No path found
   Minimum input arrival time before clock: No path found
   Maximum output required time after clock: No path found
   Maximum combinational path delay: 13.225ns

Timing Detail:
--------------
All values displayed in nanoseconds (ns)

=========================================================================
Timing constraint: Default path analysis
  Total number of paths / destination ports: 380 / 9
-------------------------------------------------------------------------
Delay:               13.225ns (Levels of Logic = 11)
  Source:            b<1> (PAD)
  Destination:       sum<7> (PAD)

  Data Path: b<1> to sum<7>
                                Gate     Net
    Cell:in->out      fanout   Delay   Delay  Logical Name (Net Name)
    ----------------------------------------  ------------
     IBUF:I->O             6   1.106   0.721  b_1_IBUF (b_1_IBUF)
     LUT4:I0->O            1   0.612   0.000  sum_2_or00001 (sum_2_or00001)
     MUXF5:I1->O           3   0.278   0.520  sum_2_or0000_f5 (sum_2_or0000)
     LUT3:I1->O            2   0.612   0.410  sum_3_mux0000121 (N17)
     LUT3:I2->O            3   0.612   0.520  sum_4_or00001 (sum_4_or0000)
     LUT3:I1->O            2   0.612   0.410  sum_5_mux0000121 (N16)
     LUT3:I2->O            3   0.612   0.520  sum_6_or00001 (sum_6_or0000)
     LUT3:I1->O            4   0.612   0.651  sum_7_or00001 (sum_7_or0000)
     LUT4:I0->O            1   0.612   0.000  sum_7_mux000011 (sum_7_mux00001)
     MUXF5:I1->O           1   0.278   0.357  sum_7_mux00001_f5 (sum_7_OBUF)
     OBUF:I->O                 3.169          sum_7_OBUF (sum<7>)
    ----------------------------------------
    Total                     13.225ns (9.115ns logic, 4.110ns route)
                                       (68.9% logic, 31.1% route)

=========================================================================


Total REAL time to Xst completion: 7.00 secs
Total CPU time to Xst completion: 3.75 secs
 
--> 


Total memory usage is 536312 kilobytes

Number of errors   :    0 (   0 filtered)
Number of warnings :    1 (   0 filtered)
Number of infos    :    0 (   0 filtered)

