--------------------------------------------------------------------------------
Release 13.4 Trace  (lin64)
Copyright (c) 1995-2011 Xilinx, Inc.  All rights reserved.

/opt/Xilinx/13.4/ISE_DS/ISE/bin/lin64/unwrapped/trce -intstyle ise -v 3 -s 5 -n
3 -fastpaths -xml par_addsub.twx par_addsub.ncd -o par_addsub.twr
par_addsub.pcf

Design file:              par_addsub.ncd
Physical constraint file: par_addsub.pcf
Device,package,speed:     xc3s1200e,fg320,-5 (PRODUCTION 1.27 2012-01-07)
Report level:             verbose report

Environment Variable      Effect 
--------------------      ------ 
NONE                      No environment variables were set
--------------------------------------------------------------------------------

INFO:Timing:2698 - No timing constraints found, doing default enumeration.
INFO:Timing:3412 - To improve timing, see the Timing Closure User Guide (UG612).
INFO:Timing:2752 - To get complete path coverage, use the unconstrained paths 
   option. All paths that are not constrained will be reported in the 
   unconstrained paths section(s) of the report.
INFO:Timing:3339 - The clock-to-out numbers in this timing report are based on 
   a 50 Ohm transmission line loading model.  For the details of this model, 
   and for more information on accounting for different loading conditions, 
   please see the device datasheet.
INFO:Timing:3390 - This architecture does not support a default System Jitter 
   value, please add SYSTEM_JITTER constraint to the UCF to modify the Clock 
   Uncertainty calculation.
INFO:Timing:3389 - This architecture does not support 'Discrete Jitter' and 
   'Phase Error' calculations, these terms will be zero in the Clock 
   Uncertainty calculation.  Please make appropriate modification to 
   SYSTEM_JITTER to account for the unsupported Discrete Jitter and Phase 
   Error.



Data Sheet report:
-----------------
All values displayed in nanoseconds (ns)

Pad to Pad
---------------+---------------+---------+
Source Pad     |Destination Pad|  Delay  |
---------------+---------------+---------+
a<0>           |cout           |   12.798|
a<0>           |sum<0>         |    6.572|
a<0>           |sum<1>         |    7.192|
a<0>           |sum<2>         |    7.575|
a<0>           |sum<3>         |    8.703|
a<0>           |sum<4>         |    9.058|
a<0>           |sum<5>         |   10.600|
a<0>           |sum<6>         |   11.423|
a<0>           |sum<7>         |   11.867|
a<1>           |cout           |   13.029|
a<1>           |sum<1>         |    6.836|
a<1>           |sum<2>         |    7.900|
a<1>           |sum<3>         |    8.801|
a<1>           |sum<4>         |    9.341|
a<1>           |sum<5>         |   10.696|
a<1>           |sum<6>         |   11.888|
a<1>           |sum<7>         |   12.405|
a<2>           |cout           |   12.294|
a<2>           |sum<2>         |    7.138|
a<2>           |sum<3>         |    8.105|
a<2>           |sum<4>         |    8.606|
a<2>           |sum<5>         |   10.002|
a<2>           |sum<6>         |   11.153|
a<2>           |sum<7>         |   11.670|
a<3>           |cout           |   10.534|
a<3>           |sum<3>         |    6.730|
a<3>           |sum<4>         |    6.842|
a<3>           |sum<5>         |    8.336|
a<3>           |sum<6>         |    9.389|
a<3>           |sum<7>         |    9.906|
a<4>           |cout           |   10.083|
a<4>           |sum<4>         |    5.838|
a<4>           |sum<5>         |    7.885|
a<4>           |sum<6>         |    8.708|
a<4>           |sum<7>         |    9.152|
a<5>           |cout           |    8.850|
a<5>           |sum<5>         |    6.645|
a<5>           |sum<6>         |    7.475|
a<5>           |sum<7>         |    7.958|
a<6>           |cout           |    8.404|
a<6>           |sum<6>         |    7.274|
a<6>           |sum<7>         |    7.780|
a<7>           |cout           |    6.762|
a<7>           |sum<7>         |    6.227|
b<0>           |cout           |   13.109|
b<0>           |sum<0>         |    5.949|
b<0>           |sum<1>         |    6.964|
b<0>           |sum<2>         |    7.886|
b<0>           |sum<3>         |    9.014|
b<0>           |sum<4>         |    9.369|
b<0>           |sum<5>         |   10.911|
b<0>           |sum<6>         |   11.787|
b<0>           |sum<7>         |   12.304|
b<1>           |cout           |   12.549|
b<1>           |sum<1>         |    6.335|
b<1>           |sum<2>         |    7.420|
b<1>           |sum<3>         |    8.394|
b<1>           |sum<4>         |    8.861|
b<1>           |sum<5>         |   10.291|
b<1>           |sum<6>         |   11.408|
b<1>           |sum<7>         |   11.925|
b<2>           |cout           |   12.429|
b<2>           |sum<2>         |    7.306|
b<2>           |sum<3>         |    8.273|
b<2>           |sum<4>         |    8.741|
b<2>           |sum<5>         |   10.170|
b<2>           |sum<6>         |   11.288|
b<2>           |sum<7>         |   11.805|
b<3>           |cout           |   10.274|
b<3>           |sum<3>         |    6.337|
b<3>           |sum<4>         |    6.582|
b<3>           |sum<5>         |    8.076|
b<3>           |sum<6>         |    9.129|
b<3>           |sum<7>         |    9.646|
b<4>           |cout           |    9.864|
b<4>           |sum<4>         |    5.767|
b<4>           |sum<5>         |    7.666|
b<4>           |sum<6>         |    8.489|
b<4>           |sum<7>         |    8.933|
b<5>           |cout           |    8.520|
b<5>           |sum<5>         |    6.299|
b<5>           |sum<6>         |    7.145|
b<5>           |sum<7>         |    7.589|
b<6>           |cout           |    7.535|
b<6>           |sum<6>         |    6.255|
b<6>           |sum<7>         |    6.909|
b<7>           |cout           |    6.743|
b<7>           |sum<7>         |    6.003|
cin            |cout           |   13.670|
cin            |sum<1>         |    7.084|
cin            |sum<2>         |    8.541|
cin            |sum<3>         |    9.442|
cin            |sum<4>         |    9.982|
cin            |sum<5>         |   11.337|
cin            |sum<6>         |   12.529|
cin            |sum<7>         |   13.046|
---------------+---------------+---------+


Analysis completed Sun Nov 24 18:38:17 2019 
--------------------------------------------------------------------------------

Trace Settings:
-------------------------
Trace Settings 

Peak Memory Usage: 358 MB



